<?xml version="1.0" encoding="UTF-8"?>
<testsuite xmlns:xsi="http://www.w3.org/2001/XMLSchema-instance" xsi:noNamespaceSchemaLocation="https://maven.apache.org/surefire/maven-surefire-plugin/xsd/surefire-test-report.xsd" name="com.paclt.Bank.app.security.SecurityConfigTest" time="0.033" tests="3" errors="0" skipped="0" failures="0">
  <properties>
[...]
</properties>
  <testcase name="passwordEncoder_ReturnsBCryptPasswordEncoder" classname="com.paclt.Bank.app.security.SecurityConfigTest" time="0.031"/>
  <testcase name="userDetailsService_ReturnsCustomUserDetailsServiceImpl" classname="com.paclt.Bank.app.security.SecurityConfigTest" time="0.001"/>
  <testcase name="testConstructor_NoArguments_SetsEmailSenderAndConfirmationTokenServiceToNull" classname="com.paclt.Bank.app.security.SecurityConfigTest" time="0.001"/>
</testsuite>